2018-04-21 16:57:24.313  INFO HP-250-G3 --- [           main] a.u.UrbanistApplication                  : Starting UrbanistApplication on HP-250-G3 with PID 33404 (D:\SoftUni\Java\Spring\final\server\target\classes started by Velislava in D:\SoftUni\Java\Spring\final\server)
2018-04-21 16:57:24.313  INFO HP-250-G3 --- [           main] a.u.UrbanistApplication                  : Starting UrbanistApplication on HP-250-G3 with PID 33404 (D:\SoftUni\Java\Spring\final\server\target\classes started by Velislava in D:\SoftUni\Java\Spring\final\server)
2018-04-21 16:57:24.328 DEBUG HP-250-G3 --- [           main] a.u.UrbanistApplication                  : Running with Spring Boot v2.0.0.RELEASE, Spring v5.0.4.RELEASE
2018-04-21 16:57:24.328 DEBUG HP-250-G3 --- [           main] a.u.UrbanistApplication                  : Running with Spring Boot v2.0.0.RELEASE, Spring v5.0.4.RELEASE
2018-04-21 16:57:24.328  INFO HP-250-G3 --- [           main] a.u.UrbanistApplication                  : No active profile set, falling back to default profiles: default
2018-04-21 16:57:24.328  INFO HP-250-G3 --- [           main] a.u.UrbanistApplication                  : No active profile set, falling back to default profiles: default
2018-04-21 16:57:24.516  INFO HP-250-G3 --- [           main] ConfigServletWebServerApplicationContext : Refreshing org.springframework.boot.web.servlet.context.AnnotationConfigServletWebServerApplicationContext@3c435123: startup date [Sat Apr 21 16:57:24 EEST 2018]; root of context hierarchy
2018-04-21 16:57:27.860  INFO HP-250-G3 --- [           main] trationDelegate$BeanPostProcessorChecker : Bean 'org.springframework.transaction.annotation.ProxyTransactionManagementConfiguration' of type [org.springframework.transaction.annotation.ProxyTransactionManagementConfiguration$$EnhancerBySpringCGLIB$$fe46e661] is not eligible for getting processed by all BeanPostProcessors (for example: not eligible for auto-proxying)
2018-04-21 16:57:27.922  INFO HP-250-G3 --- [           main] trationDelegate$BeanPostProcessorChecker : Bean 'org.springframework.security.config.annotation.configuration.ObjectPostProcessorConfiguration' of type [org.springframework.security.config.annotation.configuration.ObjectPostProcessorConfiguration$$EnhancerBySpringCGLIB$$96f4ae9b] is not eligible for getting processed by all BeanPostProcessors (for example: not eligible for auto-proxying)
2018-04-21 16:57:27.938  INFO HP-250-G3 --- [           main] trationDelegate$BeanPostProcessorChecker : Bean 'objectPostProcessor' of type [org.springframework.security.config.annotation.configuration.AutowireBeanFactoryObjectPostProcessor] is not eligible for getting processed by all BeanPostProcessors (for example: not eligible for auto-proxying)
2018-04-21 16:57:27.938  INFO HP-250-G3 --- [           main] trationDelegate$BeanPostProcessorChecker : Bean 'org.springframework.security.access.expression.method.DefaultMethodSecurityExpressionHandler@440e3ce6' of type [org.springframework.security.access.expression.method.DefaultMethodSecurityExpressionHandler] is not eligible for getting processed by all BeanPostProcessors (for example: not eligible for auto-proxying)
2018-04-21 16:57:27.953  INFO HP-250-G3 --- [           main] trationDelegate$BeanPostProcessorChecker : Bean 'org.springframework.security.config.annotation.method.configuration.GlobalMethodSecurityConfiguration' of type [org.springframework.security.config.annotation.method.configuration.GlobalMethodSecurityConfiguration$$EnhancerBySpringCGLIB$$bbc9514d] is not eligible for getting processed by all BeanPostProcessors (for example: not eligible for auto-proxying)
2018-04-21 16:57:27.969  INFO HP-250-G3 --- [           main] trationDelegate$BeanPostProcessorChecker : Bean 'methodSecurityMetadataSource' of type [org.springframework.security.access.method.DelegatingMethodSecurityMetadataSource] is not eligible for getting processed by all BeanPostProcessors (for example: not eligible for auto-proxying)
2018-04-21 16:57:28.469  INFO HP-250-G3 --- [           main] o.s.b.w.e.t.TomcatWebServer              : Tomcat initialized with port(s): 8080 (http)
2018-04-21 16:57:28.500  INFO HP-250-G3 --- [           main] o.a.c.h.Http11NioProtocol                : Initializing ProtocolHandler ["http-nio-8080"]
2018-04-21 16:57:28.516  INFO HP-250-G3 --- [           main] o.a.c.c.StandardService                  : Starting service [Tomcat]
2018-04-21 16:57:28.516  INFO HP-250-G3 --- [           main] o.a.c.c.StandardEngine                   : Starting Servlet Engine: Apache Tomcat/8.5.28
2018-04-21 16:57:28.516  INFO HP-250-G3 --- [ost-startStop-1] o.a.c.c.AprLifecycleListener             : The APR based Apache Tomcat Native library which allows optimal performance in production environments was not found on the java.library.path: [C:\Program Files\Java\jdk-9.0.4\bin;C:\WINDOWS\Sun\Java\bin;C:\WINDOWS\system32;C:\WINDOWS;C:\ProgramData\Oracle\Java\javapath;C:\WINDOWS\system32;C:\WINDOWS;C:\WINDOWS\System32\Wbem;C:\WINDOWS\System32\WindowsPowerShell\v1.0\;C:\Program Files (x86)\Skype\Phone\;C:\Program Files\Microsoft SQL Server\130\Tools\Binn\;C:\Program Files\dotnet\;C:\Program Files\Git\cmd;C:\Program Files\TortoiseGit\bin;C:\Program Files\nodejs\;C:\Users\ADMIN\AppData\Local\Microsoft\WindowsApps;C:\Users\ADMIN\AppData\Roaming\npm;.]
2018-04-21 16:57:28.688  INFO HP-250-G3 --- [ost-startStop-1] o.a.c.c.C.[.[.[/]                        : Initializing Spring embedded WebApplicationContext
2018-04-21 16:57:28.688  INFO HP-250-G3 --- [ost-startStop-1] o.s.w.c.ContextLoader                    : Root WebApplicationContext: initialization completed in 4188 ms
2018-04-21 16:57:29.047  INFO HP-250-G3 --- [ost-startStop-1] o.s.b.w.s.FilterRegistrationBean         : Mapping filter: 'characterEncodingFilter' to: [/*]
2018-04-21 16:57:29.047  INFO HP-250-G3 --- [ost-startStop-1] o.s.b.w.s.FilterRegistrationBean         : Mapping filter: 'hiddenHttpMethodFilter' to: [/*]
2018-04-21 16:57:29.047  INFO HP-250-G3 --- [ost-startStop-1] o.s.b.w.s.FilterRegistrationBean         : Mapping filter: 'httpPutFormContentFilter' to: [/*]
2018-04-21 16:57:29.047  INFO HP-250-G3 --- [ost-startStop-1] o.s.b.w.s.FilterRegistrationBean         : Mapping filter: 'requestContextFilter' to: [/*]
2018-04-21 16:57:29.063  INFO HP-250-G3 --- [ost-startStop-1] .s.DelegatingFilterProxyRegistrationBean : Mapping filter: 'springSecurityFilterChain' to: [/*]
2018-04-21 16:57:29.063  INFO HP-250-G3 --- [ost-startStop-1] o.s.b.w.s.ServletRegistrationBean        : Servlet dispatcherServlet mapped to [/]
2018-04-21 16:57:29.313  INFO HP-250-G3 --- [           main] c.z.h.HikariDataSource                   : HikariPool-1 - Starting...
2018-04-21 16:57:29.610  INFO HP-250-G3 --- [           main] c.z.h.HikariDataSource                   : HikariPool-1 - Start completed.
2018-04-21 16:57:29.672  INFO HP-250-G3 --- [           main] j.LocalContainerEntityManagerFactoryBean : Building JPA container EntityManagerFactory for persistence unit 'default'
2018-04-21 16:57:29.704  INFO HP-250-G3 --- [           main] o.h.j.i.u.LogHelper                      : HHH000204: Processing PersistenceUnitInfo [
	name: default
	...]
2018-04-21 16:57:29.844  INFO HP-250-G3 --- [           main] o.h.Version                              : HHH000412: Hibernate Core {5.2.14.Final}
2018-04-21 16:57:29.844  INFO HP-250-G3 --- [           main] o.h.c.Environment                        : HHH000206: hibernate.properties not found
2018-04-21 16:57:29.907  INFO HP-250-G3 --- [           main] o.h.a.c.Version                          : HCANN000001: Hibernate Commons Annotations {5.0.1.Final}
2018-04-21 16:57:30.063  INFO HP-250-G3 --- [           main] o.h.d.Dialect                            : HHH000400: Using dialect: org.hibernate.dialect.MySQL5InnoDBDialect
2018-04-21 16:57:31.063  INFO HP-250-G3 --- [           main] j.LocalContainerEntityManagerFactoryBean : Initialized JPA EntityManagerFactory for persistence unit 'default'
2018-04-21 16:57:33.016  INFO HP-250-G3 --- [           main] o.s.s.w.DefaultSecurityFilterChain       : Creating filter chain: org.springframework.security.web.util.matcher.AnyRequestMatcher@1, [org.springframework.security.web.context.request.async.WebAsyncManagerIntegrationFilter@52035328, org.springframework.security.web.context.SecurityContextPersistenceFilter@3cc6f036, org.springframework.security.web.header.HeaderWriterFilter@3dee3a6c, org.springframework.web.filter.CorsFilter@5614ae05, org.springframework.security.web.authentication.logout.LogoutFilter@5305f936, app.urbanist.config.JWTAuthenticationFilter@54970127, app.urbanist.config.JWTAuthorizationFilter@3c4c7e51, org.springframework.security.web.savedrequest.RequestCacheAwareFilter@4f2d8175, org.springframework.security.web.servletapi.SecurityContextHolderAwareRequestFilter@443dae2, org.springframework.security.web.authentication.AnonymousAuthenticationFilter@749ee0e3, org.springframework.security.web.session.SessionManagementFilter@6109d880, org.springframework.security.web.access.ExceptionTranslationFilter@185a0811, org.springframework.security.web.access.intercept.FilterSecurityInterceptor@45f95ac0]
2018-04-21 16:57:33.673  INFO HP-250-G3 --- [           main] s.w.s.m.m.a.RequestMappingHandlerAdapter : Looking for @ControllerAdvice: org.springframework.boot.web.servlet.context.AnnotationConfigServletWebServerApplicationContext@3c435123: startup date [Sat Apr 21 16:57:24 EEST 2018]; root of context hierarchy
2018-04-21 16:57:33.751  WARN HP-250-G3 --- [           main] aWebConfiguration$JpaWebMvcConfiguration : spring.jpa.open-in-view is enabled by default. Therefore, database queries may be performed during view rendering. Explicitly configure spring.jpa.open-in-view to disable this warning
2018-04-21 16:57:33.798  INFO HP-250-G3 --- [           main] s.w.s.m.m.a.RequestMappingHandlerMapping : Mapped "{[/comments/get/{id}],methods=[GET]}" onto public org.springframework.http.ResponseEntity<?> app.urbanist.controller.CommentController.getComments(java.lang.Long)
2018-04-21 16:57:33.798  INFO HP-250-G3 --- [           main] s.w.s.m.m.a.RequestMappingHandlerMapping : Mapped "{[/comments/add],methods=[POST]}" onto public org.springframework.http.ResponseEntity<?> app.urbanist.controller.CommentController.addComment(app.urbanist.model.binding.CommentAddModel)
2018-04-21 16:57:33.798  INFO HP-250-G3 --- [           main] s.w.s.m.m.a.RequestMappingHandlerMapping : Mapped "{[/images/upload],methods=[POST]}" onto public java.lang.String app.urbanist.controller.ImageController.images(org.springframework.web.multipart.MultipartFile)
2018-04-21 16:57:33.798  INFO HP-250-G3 --- [           main] s.w.s.m.m.a.RequestMappingHandlerMapping : Mapped "{[/reports/add],methods=[POST]}" onto public void app.urbanist.controller.ReportController.addReport(app.urbanist.model.binding.ReportAddModel)
2018-04-21 16:57:33.813  INFO HP-250-G3 --- [           main] s.w.s.m.m.a.RequestMappingHandlerMapping : Mapped "{[/reports/details/{id}],methods=[GET]}" onto public org.springframework.http.ResponseEntity<?> app.urbanist.controller.ReportController.reportDetails(java.lang.Long)
2018-04-21 16:57:33.813  INFO HP-250-G3 --- [           main] s.w.s.m.m.a.RequestMappingHandlerMapping : Mapped "{[/reports/all],methods=[GET]}" onto public java.util.List<app.urbanist.model.view.ReportViewModel> app.urbanist.controller.ReportController.allReports()
2018-04-21 16:57:33.813  INFO HP-250-G3 --- [           main] s.w.s.m.m.a.RequestMappingHandlerMapping : Mapped "{[/users/register],methods=[POST]}" onto public void app.urbanist.controller.UserController.register(app.urbanist.model.binding.UserRegisterModel) throws app.urbanist.exception.EmailNotUniqueException,app.urbanist.exception.UsernameNotUniqueException
2018-04-21 16:57:33.813  INFO HP-250-G3 --- [           main] s.w.s.m.m.a.RequestMappingHandlerMapping : Mapped "{[/users/all],methods=[GET]}" onto public java.util.List<app.urbanist.model.view.UserViewModel> app.urbanist.controller.UserController.getAllUsers()
2018-04-21 16:57:33.813  INFO HP-250-G3 --- [           main] s.w.s.m.m.a.RequestMappingHandlerMapping : Mapped "{[/users/deactivate/{id}],methods=[POST]}" onto public void app.urbanist.controller.UserController.deactivateAccount(java.lang.Long)
2018-04-21 16:57:33.813  INFO HP-250-G3 --- [           main] s.w.s.m.m.a.RequestMappingHandlerMapping : Mapped "{[/users/edit/{id}],methods=[GET]}" onto public org.springframework.http.ResponseEntity<?> app.urbanist.controller.UserController.getUser(java.lang.Long)
2018-04-21 16:57:33.813  INFO HP-250-G3 --- [           main] s.w.s.m.m.a.RequestMappingHandlerMapping : Mapped "{[/users/activate/{id}],methods=[POST]}" onto public void app.urbanist.controller.UserController.activateAccount(java.lang.Long)
2018-04-21 16:57:33.813  INFO HP-250-G3 --- [           main] s.w.s.m.m.a.RequestMappingHandlerMapping : Mapped "{[/users/edit],methods=[POST]}" onto public void app.urbanist.controller.UserController.editUser(app.urbanist.model.binding.UserEditModel)
2018-04-21 16:57:33.829  INFO HP-250-G3 --- [           main] s.w.s.m.m.a.RequestMappingHandlerMapping : Mapped "{[/error]}" onto public org.springframework.http.ResponseEntity<java.util.Map<java.lang.String, java.lang.Object>> org.springframework.boot.autoconfigure.web.servlet.error.BasicErrorController.error(javax.servlet.http.HttpServletRequest)
2018-04-21 16:57:33.829  INFO HP-250-G3 --- [           main] s.w.s.m.m.a.RequestMappingHandlerMapping : Mapped "{[/error],produces=[text/html]}" onto public org.springframework.web.servlet.ModelAndView org.springframework.boot.autoconfigure.web.servlet.error.BasicErrorController.errorHtml(javax.servlet.http.HttpServletRequest,javax.servlet.http.HttpServletResponse)
2018-04-21 16:57:34.016  INFO HP-250-G3 --- [           main] o.s.w.s.h.SimpleUrlHandlerMapping        : Mapped URL path [/webjars/**] onto handler of type [class org.springframework.web.servlet.resource.ResourceHttpRequestHandler]
2018-04-21 16:57:34.016  INFO HP-250-G3 --- [           main] o.s.w.s.h.SimpleUrlHandlerMapping        : Mapped URL path [/**] onto handler of type [class org.springframework.web.servlet.resource.ResourceHttpRequestHandler]
2018-04-21 16:57:34.079  INFO HP-250-G3 --- [           main] .m.m.a.ExceptionHandlerExceptionResolver : Detected @ExceptionHandler methods in exceptionHandlerAdvice
2018-04-21 16:57:34.157  INFO HP-250-G3 --- [           main] o.s.w.s.h.SimpleUrlHandlerMapping        : Mapped URL path [/**/favicon.ico] onto handler of type [class org.springframework.web.servlet.resource.ResourceHttpRequestHandler]
2018-04-21 16:57:34.704  INFO HP-250-G3 --- [           main] o.s.j.e.a.AnnotationMBeanExporter        : Registering beans for JMX exposure on startup
2018-04-21 16:57:34.704  INFO HP-250-G3 --- [           main] o.s.j.e.a.AnnotationMBeanExporter        : Bean with name 'dataSource' has been autodetected for JMX exposure
2018-04-21 16:57:34.719  INFO HP-250-G3 --- [           main] o.s.j.e.a.AnnotationMBeanExporter        : Located MBean 'dataSource': registering with JMX server as MBean [com.zaxxer.hikari:name=dataSource,type=HikariDataSource]
2018-04-21 16:57:34.735  INFO HP-250-G3 --- [           main] o.a.c.h.Http11NioProtocol                : Starting ProtocolHandler ["http-nio-8080"]
2018-04-21 16:57:34.766  INFO HP-250-G3 --- [           main] o.a.t.u.n.NioSelectorPool                : Using a shared selector for servlet write/read
2018-04-21 16:57:34.782  INFO HP-250-G3 --- [           main] o.s.b.w.e.t.TomcatWebServer              : Tomcat started on port(s): 8080 (http) with context path ''
2018-04-21 16:57:34.782  INFO HP-250-G3 --- [           main] a.u.UrbanistApplication                  : Started UrbanistApplication in 11.657 seconds (JVM running for 14.899)
2018-04-21 16:57:34.782  INFO HP-250-G3 --- [           main] a.u.UrbanistApplication                  : Started UrbanistApplication in 11.657 seconds (JVM running for 14.899)
2018-04-21 16:57:35.079  INFO HP-250-G3 --- [nio-8080-exec-3] o.a.c.c.C.[.[.[/]                        : Initializing Spring FrameworkServlet 'dispatcherServlet'
2018-04-21 16:57:35.079  INFO HP-250-G3 --- [nio-8080-exec-3] o.s.w.s.DispatcherServlet                : FrameworkServlet 'dispatcherServlet': initialization started
2018-04-21 16:57:35.157  INFO HP-250-G3 --- [nio-8080-exec-3] o.s.w.s.DispatcherServlet                : FrameworkServlet 'dispatcherServlet': initialization completed in 78 ms
2018-04-21 16:57:35.423  INFO HP-250-G3 --- [nio-8080-exec-3] o.h.h.i.QueryTranslatorFactoryInitiator  : HHH000397: Using ASTQueryTranslatorFactory
2018-04-21 16:57:35.688  INFO HP-250-G3 --- [nio-8080-exec-3] a.u.i.RequestInterceptor                 : [preHandle][SecurityContextHolderAwareRequestWrapper[ FirewalledRequest[ org.apache.catalina.connector.RequestFacade@1c6f09b]]][GET]/reports/details/18
2018-04-21 16:57:35.688  INFO HP-250-G3 --- [nio-8080-exec-3] a.u.i.RequestInterceptor                 : [preHandle][SecurityContextHolderAwareRequestWrapper[ FirewalledRequest[ org.apache.catalina.connector.RequestFacade@1c6f09b]]][GET]/reports/details/18
